Arguments: 
  C:\Program Files\nodejs\node.exe C:\Users\Windows 10\AppData\Roaming\npm\node_modules\yarn\bin\yarn.js add koa

PATH: 
  C:\Program Files (x86)\Git\mingw32\bin;C:\Program Files (x86)\Git\usr\bin;C:\Users\Windows 10\bin;C:\WINDOWS\system32;C:\WINDOWS;C:\WINDOWS\System32\Wbem;C:\WINDOWS\System32\WindowsPowerShell\v1.0;C:\WINDOWS\System32\OpenSSH;C:\Program Files\nodejs;C:\Users\Windows 10\AppData\Roaming\Microsoft\Windows\Start Menu\Programs\Python 3.8\Python 3.8 (64-bit);C:\Users\Windows 10\AppData\Roaming\npm\live-server;C:\Program Files (x86)\Microsoft SQL Server\100\Tools\Binn;C:\Program Files\Microsoft SQL Server\100\Tools\Binn;C:\Program Files\Microsoft SQL Server\100\DTS\Binn;C:\Program Files (x86)\Microsoft SQL Server\100\Tools\Binn\VSShell\Common7\IDE;C:\Program Files (x86)\Microsoft Visual Studio 9.0\Common7\IDE\PrivateAssemblies;C:\Program Files (x86)\Microsoft SQL Server\100\DTS\Binn;C:\Users\Windows 10\AppData\Local\Programs\Python\Python36-32\Scripts;C:\Users\Windows 10\AppData\Local\Programs\Python\Python36-32;C:\Users\Windows 10\AppData\Local\Microsoft\WindowsApps;C:\Users\Windows 10\AppData\Roaming\npm;C:\Users\Windows 10\AppData\Local\Programs\Microsoft VS Code\bin

Yarn version: 
  1.22.0

Node version: 
  12.16.1

Platform: 
  win32 x64

Trace: 
  Error: ENOENT: no such file or directory, copyfile 'C:\Users\Windows 10\AppData\Local\Yarn\Cache\v6\npm-emojis-list-2.1.0-4daa4d9db00f9819880c79fa457ae5b09a1fd389-integrity\node_modules\emojis-list\CHANGELOG.md' -> 'F:\reactLearn\next\nextJS-GitHub\node_modules\adjust-sourcemap-loader\node_modules\emojis-list\CHANGELOG.md'

npm manifest: 
  {
    "name": "nextjs-github",
    "version": "1.0.0",
    "description": "",
    "main": "index.js",
    "scripts": {
      "test": "echo \"Error: no test specified\" && exit 1",
      "dev": "node server.js",
      "build": "next build",
      "start": "next start"
    },
    "author": "",
    "license": "ISC",
    "dependencies": {
      "next": "^9.3.1",
      "react": "^16.13.1",
      "react-dom": "^16.13.1"
    }
  }

yarn manifest: 
  No manifest

Lockfile: 
  No lockfile
